\BOOKMARK [0][-]{chapter*.3}{List of Tables}{}% 1
\BOOKMARK [0][-]{chapter*.4}{List of Figures}{}% 2
\BOOKMARK [0][-]{chapter.1}{Chapter 1 Introduction}{}% 3
\BOOKMARK [1][-]{section.1.1}{Background}{chapter.1}% 4
\BOOKMARK [1][-]{section.1.2}{Related Works}{chapter.1}% 5
\BOOKMARK [1][-]{section.1.3}{Motivation}{chapter.1}% 6
\BOOKMARK [1][-]{section.1.4}{Objective}{chapter.1}% 7
\BOOKMARK [1][-]{section.1.5}{Outline}{chapter.1}% 8
\BOOKMARK [0][-]{chapter.2}{Chapter 2 System and Hardware Description}{}% 9
\BOOKMARK [1][-]{section.2.1}{Hardware Requirements}{chapter.2}% 10
\BOOKMARK [1][-]{section.2.2}{Hardware Specification}{chapter.2}% 11
\BOOKMARK [2][-]{subsection.2.2.1}{Frame}{section.2.2}% 12
\BOOKMARK [2][-]{subsection.2.2.2}{Actuator Motors}{section.2.2}% 13
\BOOKMARK [2][-]{subsection.2.2.3}{Propeller}{section.2.2}% 14
\BOOKMARK [2][-]{subsection.2.2.4}{Autopilot}{section.2.2}% 15
\BOOKMARK [2][-]{subsection.2.2.5}{Companion Single-Board Computer}{section.2.2}% 16
\BOOKMARK [2][-]{subsection.2.2.6}{Camera}{section.2.2}% 17
\BOOKMARK [2][-]{subsection.2.2.7}{Wireless Communication Interface}{section.2.2}% 18
\BOOKMARK [2][-]{subsection.2.2.8}{Ground Control Station}{section.2.2}% 19
\BOOKMARK [1][-]{section.2.3}{System Overview}{chapter.2}% 20
\BOOKMARK [1][-]{section.2.4}{Physical Properties}{chapter.2}% 21
\BOOKMARK [0][-]{chapter.3}{Chapter 3 Control System}{}% 22
\BOOKMARK [1][-]{section.3.1}{Control System Overview}{chapter.3}% 23
\BOOKMARK [1][-]{section.3.2}{Coordinate System}{chapter.3}% 24
\BOOKMARK [1][-]{section.3.3}{Outer-Loop Controller}{chapter.3}% 25
\BOOKMARK [2][-]{subsection.3.3.1}{Dynamics Description}{section.3.3}% 26
\BOOKMARK [2][-]{subsection.3.3.2}{Computation of Desired Velocity}{section.3.3}% 27
\BOOKMARK [2][-]{subsection.3.3.3}{Computation of Desired Thrust and Attitude}{section.3.3}% 28
\BOOKMARK [1][-]{section.3.4}{Inner-Loop Controller}{chapter.3}% 29
\BOOKMARK [2][-]{subsection.3.4.1}{Dynamics Description}{section.3.4}% 30
\BOOKMARK [2][-]{subsection.3.4.2}{Computation of Derivative of the Desired Attitude}{section.3.4}% 31
\BOOKMARK [2][-]{subsection.3.4.3}{Computation of Desired Torque}{section.3.4}% 32
\BOOKMARK [1][-]{section.3.5}{Motor Control}{chapter.3}% 33
\BOOKMARK [2][-]{subsection.3.5.1}{Mapping Attitude and Thrust Control into Motor Speeds}{section.3.5}% 34
\BOOKMARK [2][-]{subsection.3.5.2}{Approximation of the Aerodynamic Coefficient Matrix}{section.3.5}% 35
\BOOKMARK [2][-]{subsection.3.5.3}{Motor Control}{section.3.5}% 36
\BOOKMARK [0][-]{chapter.4}{Chapter 4 Evaluation of the Control System}{}% 37
\BOOKMARK [1][-]{section.4.1}{Linear Attitude Control for Comparison}{chapter.4}% 38
\BOOKMARK [1][-]{section.4.2}{Simulation Study for Inner-loop Controller}{chapter.4}% 39
\BOOKMARK [2][-]{subsection.4.2.1}{Simulation Setup}{section.4.2}% 40
\BOOKMARK [2][-]{subsection.4.2.2}{Results}{section.4.2}% 41
\BOOKMARK [2][-]{subsection.4.2.3}{Discussion}{section.4.2}% 42
\BOOKMARK [1][-]{section.4.3}{Flight Experiment}{chapter.4}% 43
\BOOKMARK [2][-]{subsection.4.3.1}{Motion Capture Arena}{section.4.3}% 44
\BOOKMARK [2][-]{subsection.4.3.2}{Motion Capture System}{section.4.3}% 45
\BOOKMARK [2][-]{subsection.4.3.3}{Experiment Setup}{section.4.3}% 46
\BOOKMARK [2][-]{subsection.4.3.4}{Experiment Results}{section.4.3}% 47
\BOOKMARK [2][-]{subsection.4.3.5}{Discussion}{section.4.3}% 48
\BOOKMARK [0][-]{chapter.5}{Chapter 5 Vision-based Position Estimator}{}% 49
\BOOKMARK [1][-]{section.5.1}{Camera Calibration}{chapter.5}% 50
\BOOKMARK [1][-]{section.5.2}{Marker Detection}{chapter.5}% 51
\BOOKMARK [1][-]{section.5.3}{Position Estimation}{chapter.5}% 52
\BOOKMARK [1][-]{section.5.4}{Evaluation Experiment}{chapter.5}% 53
\BOOKMARK [2][-]{subsection.5.4.1}{Experimental Setup}{section.5.4}% 54
\BOOKMARK [2][-]{subsection.5.4.2}{Results}{section.5.4}% 55
\BOOKMARK [2][-]{subsection.5.4.3}{Discussion}{section.5.4}% 56
\BOOKMARK [0][-]{chapter.6}{Chapter 6 Conclusion}{}% 57
\BOOKMARK [0][-]{appendix*.6}{References}{}% 58
